Using pre-set license

 COMMAND LINE ARGUMENTS:
/Applications/2020.2.6f1/Unity.app/Contents/MacOS/Unity
-adb2
-batchMode
-noUpm
-name
AssetImportWorker0
-projectPath
/Users/gc/BattleShip
-logFile
Logs/AssetImportWorker0.log
-srvPort
49783
Successfully changed project path to: /Users/gc/BattleShip
/Users/gc/BattleShip
Using Asset Import Pipeline V2.
Refreshing native plugins compatible for Editor in 36.70 ms, found 1 plugins.
Preloading 0 native plugins for Editor in 0.00 ms.
Initialize engine version: 2020.2.6f1 (8a2143876886)
[Subsystems] Discovering subsystems at path /Applications/2020.2.6f1/Unity.app/Contents/Resources/UnitySubsystems
[Subsystems] Discovering subsystems at path /Users/gc/BattleShip/Assets
GfxDevice: creating device client; threaded=0
2021-03-10 14:40:27.940 Unity[1124:35962] iMac preferred device: Intel(R) Iris(TM) Pro Graphics 6200 (low power)
2021-03-10 14:40:27.940 Unity[1124:35962] Metal devices available: 1
2021-03-10 14:40:27.940 Unity[1124:35962] 0: Intel(R) Iris(TM) Pro Graphics 6200 (low power)
2021-03-10 14:40:27.941 Unity[1124:35962] Using device Intel(R) Iris(TM) Pro Graphics 6200 (low power)
Initializing Metal device caps: Intel(R) Iris(TM) Pro Graphics 6200
Shader 'WFX/Transparent Specular': fallback shader 'Particles/Alpha Blended' not found
Shader 'WFX/Transparent Diffuse': fallback shader 'Particles/Alpha Blended' not found
Initialize mono
Mono path[0] = '/Applications/2020.2.6f1/Unity.app/Contents/Managed'
Mono path[1] = '/Applications/2020.2.6f1/Unity.app/Contents/MonoBleedingEdge/lib/mono/unityjit'
Mono config path = '/Applications/2020.2.6f1/Unity.app/Contents/MonoBleedingEdge/etc'
Using monoOptions --debugger-agent=transport=dt_socket,embedding=1,server=y,suspend=n,address=127.0.0.1:56124
Begin MonoManager ReloadAssembly
Registering precompiled unity dll's ...
Register platform support module: /Applications/2020.2.6f1/Unity.app/Contents/PlaybackEngines/MacStandaloneSupport/UnityEditor.OSXStandalone.Extensions.dll
Registered in 0.000563 seconds.
Native extension for OSXStandalone target not found
Refreshing native plugins compatible for Editor in 34.65 ms, found 1 plugins.
Preloading 0 native plugins for Editor in 0.00 ms.
Invoked RoslynAnalysisRunner static constructor.
RoslynAnalysisRunner will not be running.
RoslynAnalysisRunner has terminated.
Mono: successfully reloaded assembly
- Completed reload, in  3.158 seconds
Platform modules already initialized, skipping
Registering precompiled user dll's ...
Registered in 0.000396 seconds.
Begin MonoManager ReloadAssembly
Native extension for OSXStandalone target not found
Refreshing native plugins compatible for Editor in 0.33 ms, found 1 plugins.
Preloading 0 native plugins for Editor in 0.00 ms.
Invoked RoslynAnalysisRunner static constructor.
RoslynAnalysisRunner will not be running.
RoslynAnalysisRunner has terminated.
Mono: successfully reloaded assembly
- Completed reload, in  1.141 seconds
Platform modules already initialized, skipping
========================================================================
Worker process is ready to serve import requests
Shader 'WFX/Transparent Specular': fallback shader 'Particles/Alpha Blended' not found
Shader 'WFX/Transparent Diffuse': fallback shader 'Particles/Alpha Blended' not found
Launching external process: /Applications/2020.2.6f1/Unity.app/Contents/Tools/UnityShaderCompiler
Launched and connected shader compiler UnityShaderCompiler after 0.02 seconds
Refreshing native plugins compatible for Editor in 0.30 ms, found 1 plugins.
Preloading 0 native plugins for Editor in 0.00 ms.
Unloading 1194 Unused Serialized files (Serialized files now loaded: 0)
System memory in use before: 121.8 MB.
System memory in use after: 121.8 MB.

Unloading 10 unused Assets to reduce memory usage. Loaded Objects now: 1639.
Total: 1.969462 ms (FindLiveObjects: 0.146564 ms CreateObjectMapping: 0.038694 ms MarkObjects: 1.699786 ms  DeleteObjects: 0.083257 ms)

========================================================================
Received Import Request.
  path: Assets/Scenes RUBY/1stRuby Main.unity
  artifactKey: Guid(3536cbbb9992b407fbca89e4046859b0) Importer(815301076,1909f56bfc062723c751e8b465ee728b)
Start importing Assets/Scenes RUBY/1stRuby Main.unity using Guid(3536cbbb9992b407fbca89e4046859b0) Importer(815301076,1909f56bfc062723c751e8b465ee728b)  -> (artifact id: 'facf17dfb67ad79af88a55e0e9a5c3b6') in 0.010591 seconds
  Import took 0.012855 seconds .

========================================================================
Received Prepare
Registering precompiled user dll's ...
Registered in 0.000422 seconds.
Begin MonoManager ReloadAssembly
Native extension for OSXStandalone target not found
Refreshing native plugins compatible for Editor in 0.31 ms, found 1 plugins.
Preloading 0 native plugins for Editor in 0.00 ms.
Invoked RoslynAnalysisRunner static constructor.
RoslynAnalysisRunner will not be running.
RoslynAnalysisRunner has terminated.
Mono: successfully reloaded assembly
- Completed reload, in  0.995 seconds
Platform modules already initialized, skipping
Switching build target platform(2) subTarget(0) extendedPlatform(0) -> platform(13) subTarget(537395200) extendedPlatform(0)
Shader 'WFX/Transparent Specular': fallback shader 'Particles/Alpha Blended' not found
Shader 'WFX/Transparent Diffuse': fallback shader 'Particles/Alpha Blended' not found
Refreshing native plugins compatible for Editor in 0.35 ms, found 1 plugins.
Preloading 0 native plugins for Editor in 0.00 ms.
Unloading 1168 Unused Serialized files (Serialized files now loaded: 0)
System memory in use before: 118.3 MB.
System memory in use after: 118.3 MB.

Unloading 5 unused Assets to reduce memory usage. Loaded Objects now: 1641.
Total: 1.799098 ms (FindLiveObjects: 0.185867 ms CreateObjectMapping: 0.042927 ms MarkObjects: 1.513362 ms  DeleteObjects: 0.055833 ms)

AssetImportParameters requested are different than current active one (requested -> active):
  custom:graphics/normal-map-encoding: 01000000000000000000000000000000 -> 02000000000000000000000000000000
========================================================================
Received Prepare
Registering precompiled user dll's ...
Registered in 0.000466 seconds.
Begin MonoManager ReloadAssembly
Native extension for OSXStandalone target not found
Refreshing native plugins compatible for Editor in 0.31 ms, found 1 plugins.
Preloading 0 native plugins for Editor in 0.00 ms.
Invoked RoslynAnalysisRunner static constructor.
RoslynAnalysisRunner will not be running.
RoslynAnalysisRunner has terminated.
Mono: successfully reloaded assembly
- Completed reload, in  1.011 seconds
Platform modules already initialized, skipping
Switching build target platform(2) subTarget(0) extendedPlatform(0) -> platform(13) subTarget(537395200) extendedPlatform(0)
Shader 'WFX/Transparent Specular': fallback shader 'Particles/Alpha Blended' not found
Shader 'WFX/Transparent Diffuse': fallback shader 'Particles/Alpha Blended' not found
Refreshing native plugins compatible for Editor in 0.33 ms, found 1 plugins.
Preloading 0 native plugins for Editor in 0.00 ms.
Unloading 1168 Unused Serialized files (Serialized files now loaded: 0)
System memory in use before: 118.5 MB.
System memory in use after: 118.5 MB.

Unloading 5 unused Assets to reduce memory usage. Loaded Objects now: 1643.
Total: 2.229288 ms (FindLiveObjects: 0.248846 ms CreateObjectMapping: 0.064901 ms MarkObjects: 1.839225 ms  DeleteObjects: 0.074857 ms)

AssetImportParameters requested are different than current active one (requested -> active):
  custom:graphics/normal-map-encoding: 01000000000000000000000000000000 -> 02000000000000000000000000000000
